app/build/outputs/logs/manifest-merger-release-report.txt
-- Merging decision tree log ---
manifest
ADDED from src\main\AndroidManifest.xml:2:1-72:12
	xmlns:android
		ADDED from src\main\AndroidManifest.xml:2:11-69
	package
		ADDED from src\main\AndroidManifest.xml:2:70-115
		INJECTED from src\main\AndroidManifest.xml
		INJECTED from src\main\AndroidManifest.xml
	android:versionName
		ADDED from src\main\AndroidManifest.xml:2:140-163
		INJECTED from src\main\AndroidManifest.xml
		INJECTED from src\main\AndroidManifest.xml
	android:versionCode
		ADDED from src\main\AndroidManifest.xml:2:116-139
		INJECTED from src\main\AndroidManifest.xml
		INJECTED from src\main\AndroidManifest.xml
uses-sdk
ADDED from src\main\AndroidManifest.xml:4:5-6:41
MERGED from [com.android.support:appcompat-v7:22.2.0] AndroidManifest.xml:20:5-43
MERGED from [com.android.support:support-v4:22.2.0] AndroidManifest.xml:20:5-43
MERGED from [com.android.support:support-v4:22.2.0] AndroidManifest.xml:20:5-43
MERGED from [com.android.support:appcompat-v7:22.2.0] AndroidManifest.xml:20:5-43
MERGED from [com.android.support:support-v4:22.2.0] AndroidManifest.xml:20:5-43
	android:targetSdkVersion
		ADDED from src\main\AndroidManifest.xml:6:9-38
		INJECTED from src\main\AndroidManifest.xml
		INJECTED from src\main\AndroidManifest.xml
	android:minSdkVersion
		ADDED from src\main\AndroidManifest.xml:5:9-34
		INJECTED from src\main\AndroidManifest.xml
		INJECTED from src\main\AndroidManifest.xml
supports-screens
ADDED from src\main\AndroidManifest.xml:7:5-14:11
	android:resizeable
		ADDED from src\main\AndroidManifest.xml:13:9-34
	android:largeScreens
		ADDED from src\main\AndroidManifest.xml:10:9-36
	android:anyDensity
		ADDED from src\main\AndroidManifest.xml:12:9-34
	android:normalScreens
		ADDED from src\main\AndroidManifest.xml:9:9-37
	android:xlargeScreens
		ADDED from src\main\AndroidManifest.xml:11:9-37
	android:smallScreens
		ADDED from src\main\AndroidManifest.xml:8:9-36
application
ADDED from src\main\AndroidManifest.xml:15:5-51:19
MERGED from [com.android.support:appcompat-v7:22.2.0] AndroidManifest.xml:22:5-20
MERGED from [com.android.support:support-v4:22.2.0] AndroidManifest.xml:22:5-20
MERGED from [com.android.support:support-v4:22.2.0] AndroidManifest.xml:22:5-20
MERGED from [com.android.support:appcompat-v7:22.2.0] AndroidManifest.xml:22:5-20
MERGED from [com.android.support:support-v4:22.2.0] AndroidManifest.xml:22:5-20
	android:supportsRtl
		ADDED from src\main\AndroidManifest.xml:20:9-35
	android:screenOrientation
		ADDED from src\main\AndroidManifest.xml:21:9-45
	android:label
		ADDED from src\main\AndroidManifest.xml:18:9-41
	android:allowBackup
		ADDED from src\main\AndroidManifest.xml:16:9-35
	android:icon
		ADDED from src\main\AndroidManifest.xml:17:9-38
	android:configChanges
		ADDED from src\main\AndroidManifest.xml:22:9-59
	android:theme
		ADDED from src\main\AndroidManifest.xml:19:9-40
activity#com.example.navigationdrawerexample.MainActivity
ADDED from src\main\AndroidManifest.xml:24:9-50:20
	android:noHistory
		ADDED from src\main\AndroidManifest.xml:27:13-38
	android:label
		ADDED from src\main\AndroidManifest.xml:29:13-45
	android:configChanges
		ADDED from src\main\AndroidManifest.xml:26:13-103
	android:name
		ADDED from src\main\AndroidManifest.xml:25:13-76
intent-filter#android.intent.action.MAIN+android.intent.category.LAUNCHER
ADDED from src\main\AndroidManifest.xml:30:13-33:29
action#android.intent.action.MAIN
ADDED from src\main\AndroidManifest.xml:31:17-69
	android:name
		ADDED from src\main\AndroidManifest.xml:31:25-66
category#android.intent.category.LAUNCHER
ADDED from src\main\AndroidManifest.xml:32:17-77
	android:name
		ADDED from src\main\AndroidManifest.xml:32:27-74
intent-filter#android.intent.action.VIEW+android.intent.category.BROWSABLE+android.intent.category.DEFAULT
ADDED from src\main\AndroidManifest.xml:35:13-40:29
action#android.intent.action.VIEW
ADDED from src\main\AndroidManifest.xml:36:17-69
	android:name
		ADDED from src\main\AndroidManifest.xml:36:25-66
category#android.intent.category.DEFAULT
ADDED from src\main\AndroidManifest.xml:37:17-76
	android:name
		ADDED from src\main\AndroidManifest.xml:37:27-73
category#android.intent.category.BROWSABLE
ADDED from src\main\AndroidManifest.xml:38:17-78
	android:name
		ADDED from src\main\AndroidManifest.xml:38:27-75
data
ADDED from src\main\AndroidManifest.xml:39:17-50
	android:scheme
		ADDED from src\main\AndroidManifest.xml:39:23-47
intent-filter#android.intent.action.GET_CONTENT+android.intent.category.DEFAULT+android.intent.category.OPENABLE
ADDED from src\main\AndroidManifest.xml:42:13-49:29
action#android.intent.action.GET_CONTENT
ADDED from src\main\AndroidManifest.xml:43:17-76
	android:name
		ADDED from src\main\AndroidManifest.xml:43:25-73
category#android.intent.category.OPENABLE
ADDED from src\main\AndroidManifest.xml:46:17-77
	android:name
		ADDED from src\main\AndroidManifest.xml:46:27-74
uses-feature#android.hardware.camera
ADDED from src\main\AndroidManifest.xml:54:5-60
	android:name
		ADDED from src\main\AndroidManifest.xml:54:19-57
uses-feature#android.hardware.camera.autofocus
ADDED from src\main\AndroidManifest.xml:55:5-70
	android:name
		ADDED from src\main\AndroidManifest.xml:55:19-67
uses-permission#android.permission.WRITE_SETTINGS
ADDED from src\main\AndroidManifest.xml:57:5-72
	android:name
		ADDED from src\main\AndroidManifest.xml:57:22-70
uses-permission#android.permission.ACCESS_NETWORK_STATE
ADDED from src\main\AndroidManifest.xml:59:5-78
	android:name
		ADDED from src\main\AndroidManifest.xml:59:22-76
uses-permission#android.permisson.ACCESS_WIFI_STATE
ADDED from src\main\AndroidManifest.xml:60:5-74
	android:name
		ADDED from src\main\AndroidManifest.xml:60:22-72
uses-permission#android.permission.INTERNET
ADDED from src\main\AndroidManifest.xml:61:5-66
	android:name
		ADDED from src\main\AndroidManifest.xml:61:22-64
uses-permission#android.permission.CAMERA
ADDED from src\main\AndroidManifest.xml:63:6-66
	android:name
		ADDED from src\main\AndroidManifest.xml:63:23-63
uses-permission#android.permission.ACCESS_FINE_LOCATION
ADDED from src\main\AndroidManifest.xml:64:6-80
	android:name
		ADDED from src\main\AndroidManifest.xml:64:23-77
uses-permission#android.permission.ACCESS_COARSE_LOCATION
ADDED from src\main\AndroidManifest.xml:65:6-82
	android:name
		ADDED from src\main\AndroidManifest.xml:65:23-79
uses-permission#android.permission.READ_EXTERNAL_STORAGE
ADDED from src\main\AndroidManifest.xml:68:6-81
	android:name
		ADDED from src\main\AndroidManifest.xml:68:23-78